c:\users\gebruiker\source\repos\aeraotclient\aeraotclient\release\vc145.pdb
c:\users\gebruiker\source\repos\aeraotclient\aeraotclient\release\fortnitegame_functions.obj
c:\users\gebruiker\source\repos\aeraotclient\aeraotclient\release\fortniteentry_functions.obj
c:\users\gebruiker\source\repos\aeraotclient\aeraotclient\release\engine_functions.obj
c:\users\gebruiker\source\repos\aeraotclient\aeraotclient\release\coreuobject_functions.obj
c:\users\gebruiker\source\repos\aeraotclient\aeraotclient\release\basic.obj
c:\users\gebruiker\source\repos\aeraotclient\aeraotclient\release\processeventhooked.obj
c:\users\gebruiker\source\repos\aeraotclient\aeraotclient\release\playercontroller.obj
c:\users\gebruiker\source\repos\aeraotclient\aeraotclient\release\inventory.obj
c:\users\gebruiker\source\repos\aeraotclient\aeraotclient\release\gmlhook.obj
c:\users\gebruiker\source\repos\aeraotclient\aeraotclient\release\gamehooks.obj
c:\users\gebruiker\source\repos\aeraotclient\aeraotclient\release\dllmain.obj
c:\users\gebruiker\source\repos\aeraotclient\aeraotclient\release\building.obj
c:\users\gebruiker\source\repos\aeraotclient\aeraotclient\release\imgui_widgets.obj
c:\users\gebruiker\source\repos\aeraotclient\aeraotclient\release\imgui_tables.obj
c:\users\gebruiker\source\repos\aeraotclient\aeraotclient\release\imgui_draw.obj
c:\users\gebruiker\source\repos\aeraotclient\aeraotclient\release\imgui_demo.obj
c:\users\gebruiker\source\repos\aeraotclient\aeraotclient\release\imgui.obj
c:\users\gebruiker\source\repos\aeraotclient\aeraotclient\release\imgui_impl_win32.obj
c:\users\gebruiker\source\repos\aeraotclient\aeraotclient\release\imgui_impl_dx9.obj
c:\users\gebruiker\source\repos\aeraotclient\aeraotclient\release\imgui_impl_dx11.obj
c:\users\gebruiker\source\repos\aeraotclient\aeraotclient\release\aimodule_functions.obj
c:\users\gebruiker\source\repos\aeraotclient\aeraotclient\release\huskpawn_functions.obj
c:\users\gebruiker\source\repos\aeraotclient\aeraotclient\release\husk.obj
c:\users\gebruiker\source\repos\aeraotclient\aeraotclient\release\gameplayabilities_functions.obj
c:\users\gebruiker\source\repos\aeraotclient\aeraotclient\release\storm.obj
c:\users\gebruiker\source\repos\aeraotclient\aeraotclient\release\match.obj
c:\users\gebruiker\source\repos\aeraotclient\aeraotclient\release\connectspawner.obj
c:\users\gebruiker\source\repos\aeraotclient\aeraotclient\release\flingerpawn_functions.obj
c:\users\gebruiker\source\repos\aeraotclient\release\aeraotclient.dll
c:\users\gebruiker\source\repos\aeraotclient\release\aeraotclient.pdb
c:\users\gebruiker\source\repos\aeraotclient\aeraotclient\release\aeraotclient.ipdb
c:\users\gebruiker\source\repos\aeraotclient\aeraotclient\release\aeraotclient.iobj
c:\users\gebruiker\source\repos\aeraotclient\aeraotclient\release\aeraotclient.tlog\cl.command.1.tlog
c:\users\gebruiker\source\repos\aeraotclient\aeraotclient\release\aeraotclient.tlog\cl.items.tlog
c:\users\gebruiker\source\repos\aeraotclient\aeraotclient\release\aeraotclient.tlog\cl.read.1.tlog
c:\users\gebruiker\source\repos\aeraotclient\aeraotclient\release\aeraotclient.tlog\cl.write.1.tlog
c:\users\gebruiker\source\repos\aeraotclient\aeraotclient\release\aeraotclient.tlog\link.command.1.tlog
c:\users\gebruiker\source\repos\aeraotclient\aeraotclient\release\aeraotclient.tlog\link.read.1.tlog
c:\users\gebruiker\source\repos\aeraotclient\aeraotclient\release\aeraotclient.tlog\link.secondary.1.tlog
c:\users\gebruiker\source\repos\aeraotclient\aeraotclient\release\aeraotclient.tlog\link.write.1.tlog
