  Husk.cpp
C:\Users\Gebruiker\source\repos\AeraOTClient\AeraOTClient\SDK\Basic.hpp(725,2): warning C4369: 'SDK::EObjectFlags':  enumerator value '2147483648' cannot be represented as 'int', value is '2147483648'
  (compiling source file 'Husk.cpp')
  
C:\Users\Gebruiker\source\repos\AeraOTClient\AeraOTClient\Husk.cpp(37,23): warning C4018: '<': signed/unsigned mismatch
C:\Users\Gebruiker\source\repos\AeraOTClient\AeraOTClient\Husk.cpp(226,24): warning C4244: 'argument': conversion from 'float' to 'int', possible loss of data
C:\Users\Gebruiker\source\repos\AeraOTClient\AeraOTClient\Utils.h(213,25): warning C4244: '=': conversion from 'double' to 'float', possible loss of data
  (compiling source file 'Husk.cpp')
      C:\Users\Gebruiker\source\repos\AeraOTClient\AeraOTClient\Utils.h(213,25):
      the template instantiation context (the oldest one first) is
          C:\Users\Gebruiker\source\repos\AeraOTClient\AeraOTClient\Utils.h(230,26):
          see reference to function template instantiation 'ActorType *FortUtils::SpawnActor<SDK::AFortPawn>(SDK::UClass *,SDK::FVector,SDK::FRotator,SDK::FVector)' being compiled
          with
          [
              ActorType=SDK::AFortPawn
          ]
  
C:\Users\Gebruiker\source\repos\AeraOTClient\AeraOTClient\Utils.h(214,26): warning C4244: '=': conversion from 'double' to 'float', possible loss of data
  (compiling source file 'Husk.cpp')
  
C:\Users\Gebruiker\source\repos\AeraOTClient\AeraOTClient\Utils.h(215,25): warning C4244: '=': conversion from 'double' to 'float', possible loss of data
  (compiling source file 'Husk.cpp')
  
C:\Users\Gebruiker\source\repos\AeraOTClient\AeraOTClient\Utils.h(216,25): warning C4244: '=': conversion from 'double' to 'float', possible loss of data
  (compiling source file 'Husk.cpp')
  
  dllmain.cpp
C:\Users\Gebruiker\source\repos\AeraOTClient\AeraOTClient\SDK\Basic.hpp(725,2): warning C4369: 'SDK::EObjectFlags':  enumerator value '2147483648' cannot be represented as 'int', value is '2147483648'
  (compiling source file 'dllmain.cpp')
  
C:\Users\Gebruiker\source\repos\AeraOTClient\AeraOTClient\Utils.h(213,25): warning C4244: '=': conversion from 'double' to 'float', possible loss of data
  (compiling source file 'dllmain.cpp')
      C:\Users\Gebruiker\source\repos\AeraOTClient\AeraOTClient\Utils.h(213,25):
      the template instantiation context (the oldest one first) is
          C:\Users\Gebruiker\source\repos\AeraOTClient\AeraOTClient\Utils.h(230,26):
          see reference to function template instantiation 'ActorType *FortUtils::SpawnActor<SDK::AFortPawn>(SDK::UClass *,SDK::FVector,SDK::FRotator,SDK::FVector)' being compiled
          with
          [
              ActorType=SDK::AFortPawn
          ]
  
C:\Users\Gebruiker\source\repos\AeraOTClient\AeraOTClient\Utils.h(214,26): warning C4244: '=': conversion from 'double' to 'float', possible loss of data
  (compiling source file 'dllmain.cpp')
  
C:\Users\Gebruiker\source\repos\AeraOTClient\AeraOTClient\Utils.h(215,25): warning C4244: '=': conversion from 'double' to 'float', possible loss of data
  (compiling source file 'dllmain.cpp')
  
C:\Users\Gebruiker\source\repos\AeraOTClient\AeraOTClient\Utils.h(216,25): warning C4244: '=': conversion from 'double' to 'float', possible loss of data
  (compiling source file 'dllmain.cpp')
  
  Generating code
C:\Users\Gebruiker\source\repos\AeraOTClient\AeraOTClient\PlayerController.cpp(50): warning C4715: 'PlayerControllerAera::GetLocalPlayerController': not all control paths return a value
  357 of 2831 functions (12.6%) were compiled, the rest were copied from previous compilation.
    0 functions were new in current compilation
    277 functions had inline decision re-evaluated but remain unchanged
  Finished generating code
  AeraOTClient.vcxproj -> C:\Users\Gebruiker\source\repos\AeraOTClient\Release\AeraOTClient.dll
